<?xml version="1.0" encoding="UTF-8"?>
<!-- Generated by org.testng.reporters.JUnitXMLReporter -->
<testsuite ignored="0" hostname="Zaids-MacBook-M3.local" failures="0" tests="3" name="Wallet Test Suite" time="49.578" errors="0" timestamp="2024-04-21T06:53:27 GST">
  <testcase classname="tests.SampleTest" name="walletCreationSkipBackupTest" time="8.155"/>
  <testcase classname="tests.SampleTest" name="walletCreationInAppTest" time="13.899"/>
  <testcase classname="tests.SampleTest" name="walletCreationExistingBitcoinTest" time="11.563"/>
</testsuite> <!-- Wallet Test Suite -->
